<?xml version="1.0" encoding="utf-8"?>
<coverage line-rate="0.7162999999999999" branch-rate="0.598" version="1.9" timestamp="1783241596" lines-covered="3021" lines-valid="4217" branches-covered="677" branches-valid="1132">
  <sources>
    <source>C:/Source/RPA/src/</source>
  </sources>
  <packages>
    <package name="RPA.Application" line-rate="1" branch-rate="1" complexity="0">
      <classes />
    </package>
    <package name="RPA.Domain" line-rate="0.5519" branch-rate="0.5" complexity="229">
      <classes>
        <class name="RPA.Domain.Interfaces.ActivityMetadata" filename="RPA.Domain/Interfaces/IActivity.cs" line-rate="1" branch-rate="1" complexity="9">
          <methods>
            <method name="get_ActivityId" signature="()" line-rate="1" branch-rate="1" complexity="1">
              <lines>
                <line number="77" hits="2028" branch="False" />
              </lines>
            </method>
            <method name="get_DisplayName" signature="()" line-rate="1" branch-rate="1" complexity="1">
              <lines>
                <line number="82" hits="3944" branch="False" />
              </lines>
            </method>
            <method name="get_Category" signature="()" line-rate="1" branch-rate="1" complexity="1">
              <lines>
                <line number="87" hits="4010" branch="False" />
              </lines>
            </method>
            <method name="get_Description" signature="()" line-rate="1" branch-rate="1" complexity="1">
              <lines>
                <line number="92" hits="1942" branch="False" />
              </lines>
            </method>
            <method name="get_Inputs" signature="()" line-rate="1" branch-rate="1" complexity="1">
              <lines>
                <line number="97" hits="5798" branch="False" />
              </lines>
            </method>
            <method name="get_Outputs" signature="()" line-rate="1" branch-rate="1" complexity="1">
              <lines>
                <line number="102" hits="2833" branch="False" />
              </lines>
            </method>
            <method name="get_DefaultProperties" signature="()" line-rate="1" branch-rate="1" complexity="1">
              <lines>
                <line number="108" hits="1995" branch="False" />
              </lines>
            </method>
            <method name="get_RequiredCapabilities" signature="()" line-rate="1" branch-rate="1" complexity="1">
              <lines>
                <line number="113" hits="3602" branch="False" />
              </lines>
            </method>
            <method name="get_ExceptionClassification" signature="()" line-rate="1" branch-rate="1" complexity="1">
              <lines>
                <line number="118" hits="300" branch="False" />
              </lines>
            </method>
          </methods>
          <lines>
            <line number="77" hits="2028" branch="False" />
            <line number="82" hits="3944" branch="False" />
            <line number="87" hits="4010" branch="False" />
            <line number="92" hits="1942" branch="False" />
            <line number="97" hits="5798" branch="False" />
            <line number="102" hits="2833" branch="False" />
            <line number="108" hits="1995" branch="False" />
            <line number="113" hits="3602" branch="False" />
            <line number="118" hits="300" branch="False" />
          </lines>
        </class>
        <class name="RPA.Domain.Interfaces.ActivityParameter" filename="RPA.Domain/Interfaces/IActivity.cs" line-rate="1" branch-rate="1" complexity="5">
          <methods>
            <method name="get_Name" signature="()" line-rate="1" branch-rate="1" complexity="1">
              <lines>
                <line number="123" hits="4757" branch="False" />
              </lines>
            </method>
            <method name="get_Type" signature="()" line-rate="1" branch-rate="1" complexity="1">
              <lines>
                <line number="124" hits="4730" branch="False" />
              </lines>
            </method>
            <method name="get_Required" signature="()" line-rate="1" branch-rate="1" complexity="1">
              <lines>
                <line number="125" hits="9461" branch="False" />
              </lines>
            </method>
            <method name="get_DefaultValue" signature="()" line-rate="1" branch-rate="1" complexity="1">
              <lines>
                <line number="126" hits="3821" branch="False" />
              </lines>
            </method>
            <method name="get_Description" signature="()" line-rate="1" branch-rate="1" complexity="1">
              <lines>
                <line number="127" hits="4730" branch="False" />
              </lines>
            </method>
          </methods>
          <lines>
            <line number="123" hits="4757" branch="False" />
            <line number="124" hits="4730" branch="False" />
            <line number="125" hits="9461" branch="False" />
            <line number="126" hits="3821" branch="False" />
            <line number="127" hits="4730" branch="False" />
          </lines>
        </class>
        <class name="RPA.Domain.Interfaces.ExceptionClassificationRule" filename="RPA.Domain/Interfaces/IActivity.cs" line-rate="1" branch-rate="1" complexity="2">
          <methods>
            <method name="get_Condition" signature="()" line-rate="1" branch-rate="1" complexity="1">
              <lines>
                <line number="136" hits="621" branch="False" />
              </lines>
            </method>
            <method name="get_Classification" signature="()" line-rate="1" branch-rate="1" complexity="1">
              <lines>
                <line number="137" hits="309" branch="False" />
              </lines>
            </method>
          </methods>
          <lines>
            <line number="136" hits="621" branch="False" />
            <line number="137" hits="309" branch="False" />
          </lines>
        </class>
        <class name="RPA.Domain.Interfaces.AuthenticationResult" filename="RPA.Domain/Interfaces/IAuthenticationService.cs" line-rate="0" branch-rate="1" complexity="6">
          <methods>
            <method name="get_Success" signature="()" line-rate="0" branch-rate="1" complexity="1">
              <lines>
                <line number="23" hits="0" branch="False" />
              </lines>
            </method>
            <method name="get_JwtToken" signature="()" line-rate="0" branch-rate="1" complexity="1">
              <lines>
                <line number="24" hits="0" branch="False" />
              </lines>
            </method>
            <method name="get_ErrorMessage" signature="()" line-rate="0" branch-rate="1" complexity="1">
              <lines>
                <line number="25" hits="0" branch="False" />
              </lines>
            </method>
            <method name="get_Roles" signature="()" line-rate="0" branch-rate="1" complexity="1">
              <lines>
                <line number="26" hits="0" branch="False" />
              </lines>
            </method>
            <method name="Fail" signature="(System.String)" line-rate="0" branch-rate="1" complexity="1">
              <lines>
                <line number="29" hits="0" branch="False" />
              </lines>
            </method>
            <method name="Ok" signature="(System.String,System.Collections.Generic.List`1&lt;System.String&gt;)" line-rate="0" branch-rate="1" complexity="1">
              <lines>
                <line number="32" hits="0" branch="False" />
              </lines>
            </method>
          </methods>
          <lines>
            <line number="23" hits="0" branch="False" />
            <line number="24" hits="0" branch="False" />
            <line number="25" hits="0" branch="False" />
            <line number="26" hits="0" branch="False" />
            <line number="29" hits="0" branch="False" />
            <line number="32" hits="0" branch="False" />
          </lines>
        </class>
        <class name="RPA.Domain.Interfaces.CheckpointState" filename="RPA.Domain/Interfaces/ICheckpointManager.cs" line-rate="1" branch-rate="1" complexity="3">
          <methods>
            <method name="get_LastCheckpointNodeId" signature="()" line-rate="1" branch-rate="1" complexity="1">
              <lines>
                <line number="29" hits="5" branch="False" />
              </lines>
            </method>
            <method name="get_Variables" signature="()" line-rate="1" branch-rate="1" complexity="1">
              <lines>
                <line number="32" hits="4" branch="False" />
              </lines>
            </method>
            <method name=".ctor" signature="(System.String,System.Collections.Generic.IReadOnlyDictionary`2&lt;System.String,System.Object&gt;)" line-rate="1" branch-rate="1" complexity="1">
              <lines>
                <line number="22" hits="3" branch="False" />
                <line number="23" hits="3" branch="False" />
                <line number="24" hits="3" branch="False" />
                <line number="25" hits="3" branch="False" />
                <line number="26" hits="3" branch="False" />
              </lines>
            </method>
          </methods>
          <lines>
            <line number="29" hits="5" branch="False" />
            <line number="32" hits="4" branch="False" />
            <line number="22" hits="3" branch="False" />
            <line number="23" hits="3" branch="False" />
            <line number="24" hits="3" branch="False" />
            <line number="25" hits="3" branch="False" />
            <line number="26" hits="3" branch="False" />
          </lines>
        </class>
        <class name="RPA.Domain.Interfaces.SecureString" filename="RPA.Domain/Interfaces/ICredentialVault.cs" line-rate="1" branch-rate="1" complexity="6">
          <methods>
            <method name="FromEncryptedBytes" signature="(System.Byte[])" line-rate="1" branch-rate="1" complexity="1">
              <lines>
                <line number="76" hits="4" branch="False" />
                <line number="77" hits="4" branch="False" />
                <line number="78" hits="4" branch="False" />
                <line number="79" hits="4" branch="False" />
              </lines>
            </method>
            <method name="GetEncryptedBytes" signature="()" line-rate="1" branch-rate="1" complexity="1">
              <lines>
                <line number="84" hits="11" branch="False" />
              </lines>
            </method>
            <method name="Decrypt" signature="()" line-rate="1" branch-rate="1" complexity="1">
              <lines>
                <line number="90" hits="8" branch="False" />
                <line number="91" hits="8" branch="False" />
                <line number="93" hits="8" branch="False" />
                <line number="94" hits="8" branch="False" />
                <line number="97" hits="8" branch="False" />
                <line number="98" hits="8" branch="False" />
                <line number="99" hits="8" branch="False" />
                <line number="100" hits="8" branch="False" />
              </lines>
            </method>
            <method name="ToString" signature="()" line-rate="1" branch-rate="1" complexity="1">
              <lines>
                <line number="103" hits="2" branch="False" />
              </lines>
            </method>
            <method name=".ctor" signature="(System.String)" line-rate="1" branch-rate="1" complexity="1">
              <lines>
                <line number="58" hits="17" branch="False" />
                <line number="59" hits="17" branch="False" />
                <line number="60" hits="17" branch="False" />
                <line number="61" hits="17" branch="False" />
                <line number="62" hits="17" branch="False" />
              </lines>
            </method>
            <method name=".ctor" signature="(System.Byte[],System.Boolean)" line-rate="1" branch-rate="1" complexity="1">
              <lines>
                <line number="67" hits="4" branch="False" />
                <line number="68" hits="4" branch="False" />
                <line number="69" hits="4" branch="False" />
                <line number="70" hits="4" branch="False" />
              </lines>
            </method>
          </methods>
          <lines>
            <line number="76" hits="4" branch="False" />
            <line number="77" hits="4" branch="False" />
            <line number="78" hits="4" branch="False" />
            <line number="79" hits="4" branch="False" />
            <line number="84" hits="11" branch="False" />
            <line number="90" hits="8" branch="False" />
            <line number="91" hits="8" branch="False" />
            <line number="93" hits="8" branch="False" />
            <line number="94" hits="8" branch="False" />
            <line number="97" hits="8" branch="False" />
            <line number="98" hits="8" branch="False" />
            <line number="99" hits="8" branch="False" />
            <line number="100" hits="8" branch="False" />
            <line number="103" hits="2" branch="False" />
            <line number="58" hits="17" branch="False" />
            <line number="59" hits="17" branch="False" />
            <line number="60" hits="17" branch="False" />
            <line number="61" hits="17" branch="False" />
            <line number="62" hits="17" branch="False" />
            <line number="67" hits="4" branch="False" />
            <line number="68" hits="4" branch="False" />
            <line number="69" hits="4" branch="False" />
            <line number="70" hits="4" branch="False" />
          </lines>
        </class>
        <class name="RPA.Domain.Interfaces.SecureString/Dpapi" filename="RPA.Domain/Interfaces/ICredentialVault.cs" line-rate="0.75" branch-rate="0.5" complexity="4">
          <methods>
            <method name="Protect" signature="(System.Byte[])" line-rate="0.75" branch-rate="0.5" complexity="2">
              <lines>
                <line number="111" hits="17" branch="False" />
                <line number="112" hits="17" branch="False" />
                <line number="113" hits="17" branch="False" />
                <line number="115" hits="17" branch="False" />
                <line number="116" hits="17" branch="True" condition-coverage="50% (1/2)">
                  <conditions>
                    <condition number="49" type="jump" coverage="50%" />
                  </conditions>
                </line>
                <line number="117" hits="17" branch="False" />
                <line number="118" hits="0" branch="False" />
                <line number="119" hits="0" branch="False" />
                <line number="120" hits="0" branch="False" />
                <line number="121" hits="0" branch="False" />
                <line number="123" hits="17" branch="False" />
                <line number="126" hits="17" branch="False" />
                <line number="127" hits="17" branch="False" />
                <line number="128" hits="17" branch="False" />
                <line number="129" hits="17" branch="False" />
                <line number="130" hits="17" branch="False" />
              </lines>
            </method>
            <method name="Unprotect" signature="(System.Byte[])" line-rate="0.75" branch-rate="0.5" complexity="2">
              <lines>
                <line number="133" hits="8" branch="False" />
                <line number="134" hits="8" branch="False" />
                <line number="135" hits="8" branch="False" />
                <line number="137" hits="8" branch="False" />
                <line number="138" hits="8" branch="True" condition-coverage="50% (1/2)">
                  <conditions>
                    <condition number="53" type="jump" coverage="50%" />
                  </conditions>
                </line>
                <line number="139" hits="8" branch="False" />
                <line number="140" hits="0" branch="False" />
                <line number="141" hits="0" branch="False" />
                <line number="142" hits="0" branch="False" />
                <line number="143" hits="0" branch="False" />
                <line number="145" hits="8" branch="False" />
                <line number="148" hits="8" branch="False" />
                <line number="149" hits="8" branch="False" />
                <line number="150" hits="8" branch="False" />
                <line number="151" hits="8" branch="False" />
                <line number="152" hits="8" branch="False" />
              </lines>
            </method>
          </methods>
          <lines>
            <line number="111" hits="17" branch="False" />
            <line number="112" hits="17" branch="False" />
            <line number="113" hits="17" branch="False" />
            <line number="115" hits="17" branch="False" />
            <line number="116" hits="17" branch="True" condition-coverage="50% (1/2)">
              <conditions>
                <condition number="49" type="jump" coverage="50%" />
              </conditions>
            </line>
            <line number="117" hits="17" branch="False" />
            <line number="118" hits="0" branch="False" />
            <line number="119" hits="0" branch="False" />
            <line number="120" hits="0" branch="False" />
            <line number="121" hits="0" branch="False" />
            <line number="123" hits="17" branch="False" />
            <line number="126" hits="17" branch="False" />
            <line number="127" hits="17" branch="False" />
            <line number="128" hits="17" branch="False" />
            <line number="129" hits="17" branch="False" />
            <line number="130" hits="17" branch="False" />
            <line number="133" hits="8" branch="False" />
            <line number="134" hits="8" branch="False" />
            <line number="135" hits="8" branch="False" />
            <line number="137" hits="8" branch="False" />
            <line number="138" hits="8" branch="True" condition-coverage="50% (1/2)">
              <conditions>
                <condition number="53" type="jump" coverage="50%" />
              </conditions>
            </line>
            <line number="139" hits="8" branch="False" />
            <line number="140" hits="0" branch="False" />
            <line number="141" hits="0" branch="False" />
            <line number="142" hits="0" branch="False" />
            <line number="143" hits="0" branch="False" />
            <line number="145" hits="8" branch="False" />
            <line number="148" hits="8" branch="False" />
            <line number="149" hits="8" branch="False" />
            <line number="150" hits="8" branch="False" />
            <line number="151" hits="8" branch="False" />
            <line number="152" hits="8" branch="False" />
          </lines>
        </class>
        <class name="RPA.Domain.Interfaces.SecureString/Dpapi/DataBlob" filename="RPA.Domain/Interfaces/ICredentialVault.cs" line-rate="1" branch-rate="0.5" complexity="6">
          <methods>
            <method name="ToByteArray" signature="()" line-rate="1" branch-rate="1" complexity="1">
              <lines>
                <line number="171" hits="25" branch="False" />
                <line number="172" hits="25" branch="False" />
                <line number="173" hits="25" branch="False" />
                <line number="174" hits="25" branch="False" />
                <line number="175" hits="25" branch="False" />
              </lines>
            </method>
            <method name="Free" signature="()" line-rate="1" branch-rate="0.5" complexity="2">
              <lines>
                <line number="179" hits="25" branch="False" />
                <line number="180" hits="25" branch="True" condition-coverage="50% (1/2)">
                  <conditions>
                    <condition number="19" type="jump" coverage="50%" />
                  </conditions>
                </line>
                <line number="181" hits="25" branch="False" />
                <line number="182" hits="25" branch="False" />
                <line number="183" hits="25" branch="False" />
                <line number="184" hits="25" branch="False" />
                <line number="185" hits="25" branch="False" />
              </lines>
            </method>
            <method name="FreeLocal" signature="()" line-rate="1" branch-rate="0.5" complexity="2">
              <lines>
                <line number="189" hits="25" branch="False" />
                <line number="190" hits="25" branch="True" condition-coverage="50% (1/2)">
                  <conditions>
                    <condition number="19" type="jump" coverage="50%" />
                  </conditions>
                </line>
                <line number="191" hits="25" branch="False" />
                <line number="192" hits="25" branch="False" />
                <line number="193" hits="25" branch="False" />
                <line number="194" hits="25" branch="False" />
                <line number="195" hits="25" branch="False" />
              </lines>
            </method>
            <method name=".ctor" signature="(System.Byte[])" line-rate="1" branch-rate="1" complexity="1">
              <lines>
                <line number="164" hits="25" branch="False" />
                <line number="165" hits="25" branch="False" />
                <line number="166" hits="25" branch="False" />
                <line number="167" hits="25" branch="False" />
                <line number="168" hits="25" branch="False" />
              </lines>
            </method>
          </methods>
          <lines>
            <line number="171" hits="25" branch="False" />
            <line number="172" hits="25" branch="False" />
            <line number="173" hits="25" branch="False" />
            <line number="174" hits="25" branch="False" />
            <line number="175" hits="25" branch="False" />
            <line number="179" hits="25" branch="False" />
            <line number="180" hits="25" branch="True" condition-coverage="50% (1/2)">
              <conditions>
                <condition number="19" type="jump" coverage="50%" />
              </conditions>
            </line>
            <line number="181" hits="25" branch="False" />
            <line number="182" hits="25" branch="False" />
            <line number="183" hits="25" branch="False" />
            <line number="184" hits="25" branch="False" />
            <line number="185" hits="25" branch="False" />
            <line number="189" hits="25" branch="False" />
            <line number="190" hits="25" branch="True" condition-coverage="50% (1/2)">
              <conditions>
                <condition number="19" type="jump" coverage="50%" />
              </conditions>
            </line>
            <line number="191" hits="25" branch="False" />
            <line number="192" hits="25" branch="False" />
            <line number="193" hits="25" branch="False" />
            <line number="194" hits="25" branch="False" />
            <line number="195" hits="25" branch="False" />
            <line number="164" hits="25" branch="False" />
            <line number="165" hits="25" branch="False" />
            <line number="166" hits="25" branch="False" />
            <line number="167" hits="25" branch="False" />
            <line number="168" hits="25" branch="False" />
          </lines>
        </class>
        <class name="RPA.Domain.Interfaces.IdempotencyCheckResult" filename="RPA.Domain/Interfaces/IIdempotencyService.cs" line-rate="1" branch-rate="1" complexity="3">
          <methods>
            <method name="get_IsDuplicate" signature="()" line-rate="1" branch-rate="1" complexity="1">
              <lines>
                <line number="34" hits="5" branch="False" />
              </lines>
            </method>
            <method name="get_QueueItem" signature="()" line-rate="1" branch-rate="1" complexity="1">
              <lines>
                <line number="37" hits="7" branch="False" />
              </lines>
            </method>
            <method name=".ctor" signature="(System.Boolean,RPA.Domain.Entities.QueueItem)" line-rate="1" branch-rate="1" complexity="1">
              <lines>
                <line number="26" hits="5" branch="False" />
                <line number="27" hits="5" branch="False" />
                <line number="28" hits="5" branch="False" />
                <line number="29" hits="5" branch="False" />
                <line number="30" hits="5" branch="False" />
              </lines>
            </method>
          </methods>
          <lines>
            <line number="34" hits="5" branch="False" />
            <line number="37" hits="7" branch="False" />
            <line number="26" hits="5" branch="False" />
            <line number="27" hits="5" branch="False" />
            <line number="28" hits="5" branch="False" />
            <line number="29" hits="5" branch="False" />
            <line number="30" hits="5" branch="False" />
          </lines>
        </class>
        <class name="RPA.Domain.Interfaces.OtpRequest" filename="RPA.Domain/Interfaces/IOtpChannel.cs" line-rate="0" branch-rate="1" complexity="9">
          <methods>
            <method name="get_PortalReference" signature="()" line-rate="0" branch-rate="1" complexity="1">
              <lines>
                <line number="41" hits="0" branch="False" />
              </lines>
            </method>
            <method name="get_CodePattern" signature="()" line-rate="0" branch-rate="1" complexity="1">
              <lines>
                <line number="46" hits="0" branch="False" />
              </lines>
            </method>
            <method name="get_TimeoutSeconds" signature="()" line-rate="0" branch-rate="1" complexity="1">
              <lines>
                <line number="51" hits="0" branch="False" />
              </lines>
            </method>
            <method name="get_EmailAccount" signature="()" line-rate="0" branch-rate="1" complexity="1">
              <lines>
                <line number="56" hits="0" branch="False" />
              </lines>
            </method>
            <method name="get_TotpSecretKey" signature="()" line-rate="0" branch-rate="1" complexity="1">
              <lines>
                <line number="61" hits="0" branch="False" />
              </lines>
            </method>
            <method name="get_GsmSenderNumber" signature="()" line-rate="0" branch-rate="1" complexity="1">
              <lines>
                <line number="66" hits="0" branch="False" />
              </lines>
            </method>
            <method name="get_WebhookUrl" signature="()" line-rate="0" branch-rate="1" complexity="1">
              <lines>
                <line number="71" hits="0" branch="False" />
              </lines>
            </method>
            <method name="get_AssignedUserId" signature="()" line-rate="0" branch-rate="1" complexity="1">
              <lines>
                <line number="76" hits="0" branch="False" />
              </lines>
            </method>
            <method name="get_AssignedRoleId" signature="()" line-rate="0" branch-rate="1" complexity="1">
              <lines>
                <line number="77" hits="0" branch="False" />
              </lines>
            </method>
          </methods>
          <lines>
            <line number="41" hits="0" branch="False" />
            <line number="46" hits="0" branch="False" />
            <line number="51" hits="0" branch="False" />
            <line number="56" hits="0" branch="False" />
            <line number="61" hits="0" branch="False" />
            <line number="66" hits="0" branch="False" />
            <line number="71" hits="0" branch="False" />
            <line number="76" hits="0" branch="False" />
            <line number="77" hits="0" branch="False" />
          </lines>
        </class>
        <class name="RPA.Domain.Interfaces.RobotRegistrationRequest" filename="RPA.Domain/Interfaces/IRobotService.cs" line-rate="1" branch-rate="1" complexity="5">
          <methods>
            <method name="get_MachineName" signature="()" line-rate="1" branch-rate="1" complexity="1">
              <lines>
                <line number="37" hits="80" branch="False" />
              </lines>
            </method>
            <method name="get_Mode" signature="()" line-rate="1" branch-rate="1" complexity="1">
              <lines>
                <line number="38" hits="33" branch="False" />
              </lines>
            </method>
            <method name="get_Tags" signature="()" line-rate="1" branch-rate="1" complexity="1">
              <lines>
                <line number="39" hits="32" branch="False" />
              </lines>
            </method>
            <method name="get_AgentVersion" signature="()" line-rate="1" branch-rate="1" complexity="1">
              <lines>
                <line number="40" hits="18" branch="False" />
              </lines>
            </method>
            <method name="get_Capacity" signature="()" line-rate="1" branch-rate="1" complexity="1">
              <lines>
                <line number="41" hits="32" branch="False" />
              </lines>
            </method>
          </methods>
          <lines>
            <line number="37" hits="80" branch="False" />
            <line number="38" hits="33" branch="False" />
            <line number="39" hits="32" branch="False" />
            <line number="40" hits="18" branch="False" />
            <line number="41" hits="32" branch="False" />
          </lines>
        </class>
        <class name="RPA.Domain.Interfaces.SapCallResult" filename="RPA.Domain/Interfaces/ISapChannel.cs" line-rate="0" branch-rate="1" complexity="5">
          <methods>
            <method name="get_Success" signature="()" line-rate="0" branch-rate="1" complexity="1">
              <lines>
                <line number="130" hits="0" branch="False" />
              </lines>
            </method>
            <method name="get_ReturnType" signature="()" line-rate="0" branch-rate="1" complexity="1">
              <lines>
                <line number="135" hits="0" branch="False" />
              </lines>
            </method>
            <method name="get_Message" signature="()" line-rate="0" branch-rate="1" complexity="1">
              <lines>
                <line number="140" hits="0" branch="False" />
              </lines>
            </method>
            <method name="get_Outputs" signature="()" line-rate="0" branch-rate="1" complexity="1">
              <lines>
                <line number="145" hits="0" branch="False" />
              </lines>
            </method>
            <method name="get_TableOutputs" signature="()" line-rate="0" branch-rate="1" complexity="1">
              <lines>
                <line number="150" hits="0" branch="False" />
              </lines>
            </method>
          </methods>
          <lines>
            <line number="130" hits="0" branch="False" />
            <line number="135" hits="0" branch="False" />
            <line number="140" hits="0" branch="False" />
            <line number="145" hits="0" branch="False" />
            <line number="150" hits="0" branch="False" />
          </lines>
        </class>
        <class name="RPA.Domain.Interfaces.WorkflowExecutionResult" filename="RPA.Domain/Interfaces/IWorkflowRunner.cs" line-rate="1" branch-rate="1" complexity="5">
          <methods>
            <method name="get_Success" signature="()" line-rate="1" branch-rate="1" complexity="1">
              <lines>
                <line number="65" hits="54" branch="False" />
              </lines>
            </method>
            <method name="get_Outputs" signature="()" line-rate="1" branch-rate="1" complexity="1">
              <lines>
                <line number="70" hits="68" branch="False" />
              </lines>
            </method>
            <method name="get_Exception" signature="()" line-rate="1" branch-rate="1" complexity="1">
              <lines>
                <line number="75" hits="26" branch="False" />
              </lines>
            </method>
            <method name="get_DurationMs" signature="()" line-rate="1" branch-rate="1" complexity="1">
              <lines>
                <line number="80" hits="27" branch="False" />
              </lines>
            </method>
            <method name="get_CheckpointData" signature="()" line-rate="1" branch-rate="1" complexity="1">
              <lines>
                <line number="88" hits="33" branch="False" />
              </lines>
            </method>
          </methods>
          <lines>
            <line number="65" hits="54" branch="False" />
            <line number="70" hits="68" branch="False" />
            <line number="75" hits="26" branch="False" />
            <line number="80" hits="27" branch="False" />
            <line number="88" hits="33" branch="False" />
          </lines>
        </class>
        <class name="RPA.Domain.Exceptions.BusinessException" filename="RPA.Domain/Exceptions/BusinessException.cs" line-rate="0.4285" branch-rate="1" complexity="3">
          <methods>
            <method name="get_ExceptionType" signature="()" line-rate="0" branch-rate="1" complexity="1">
              <lines>
                <line number="14" hits="0" branch="False" />
              </lines>
            </method>
            <method name=".ctor" signature="(System.String)" line-rate="1" branch-rate="1" complexity="1">
              <lines>
                <line number="17" hits="20" branch="False" />
                <line number="18" hits="20" branch="False" />
                <line number="19" hits="20" branch="False" />
              </lines>
            </method>
            <method name=".ctor" signature="(System.String,System.Exception)" line-rate="0" branch-rate="1" complexity="1">
              <lines>
                <line number="22" hits="0" branch="False" />
                <line number="23" hits="0" branch="False" />
                <line number="24" hits="0" branch="False" />
              </lines>
            </method>
          </methods>
          <lines>
            <line number="14" hits="0" branch="False" />
            <line number="17" hits="20" branch="False" />
            <line number="18" hits="20" branch="False" />
            <line number="19" hits="20" branch="False" />
            <line number="22" hits="0" branch="False" />
            <line number="23" hits="0" branch="False" />
            <line number="24" hits="0" branch="False" />
          </lines>
        </class>
        <class name="RPA.Domain.Exceptions.SystemException" filename="RPA.Domain/Exceptions/SystemException.cs" line-rate="0.8571" branch-rate="1" complexity="3">
          <methods>
            <method name="get_ExceptionType" signature="()" line-rate="0" branch-rate="1" complexity="1">
              <lines>
                <line number="16" hits="0" branch="False" />
              </lines>
            </method>
            <method name=".ctor" signature="(System.String)" line-rate="1" branch-rate="1" complexity="1">
              <lines>
                <line number="19" hits="17" branch="False" />
                <line number="20" hits="17" branch="False" />
                <line number="21" hits="17" branch="False" />
              </lines>
            </method>
            <method name=".ctor" signature="(System.String,System.Exception)" line-rate="1" branch-rate="1" complexity="1">
              <lines>
                <line number="24" hits="5" branch="False" />
                <line number="25" hits="5" branch="False" />
                <line number="26" hits="5" branch="False" />
              </lines>
            </method>
          </methods>
          <lines>
            <line number="16" hits="0" branch="False" />
            <line number="19" hits="17" branch="False" />
            <line number="20" hits="17" branch="False" />
            <line number="21" hits="17" branch="False" />
            <line number="24" hits="5" branch="False" />
            <line number="25" hits="5" branch="False" />
            <line number="26" hits="5" branch="False" />
          </lines>
        </class>
        <class name="RPA.Domain.Entities.ActionItem" filename="RPA.Domain/Entities/ActionItem.cs" line-rate="0" branch-rate="1" complexity="9">
          <methods>
            <method name="get_Type" signature="()" line-rate="0" branch-rate="1" complexity="1">
              <lines>
                <line number="5" hits="0" branch="False" />
              </lines>
            </method>
            <method name="get_JobRunId" signature="()" line-rate="0" branch-rate="1" complexity="1">
              <lines>
                <line number="6" hits="0" branch="False" />
              </lines>
            </method>
            <method name="get_QueueItemId" signature="()" line-rate="0" branch-rate="1" complexity="1">
              <lines>
                <line number="7" hits="0" branch="False" />
              </lines>
            </method>
            <method name="get_AssignedUserId" signature="()" line-rate="0" branch-rate="1" complexity="1">
              <lines>
                <line number="8" hits="0" branch="False" />
              </lines>
            </method>
            <method name="get_AssignedRoleId" signature="()" line-rate="0" branch-rate="1" complexity="1">
              <lines>
                <line number="9" hits="0" branch="False" />
              </lines>
            </method>
            <method name="get_Status" signature="()" line-rate="0" branch-rate="1" complexity="1">
              <lines>
                <line number="10" hits="0" branch="False" />
              </lines>
            </method>
            <method name="get_ResolutionNote" signature="()" line-rate="0" branch-rate="1" complexity="1">
              <lines>
                <line number="11" hits="0" branch="False" />
              </lines>
            </method>
            <method name="get_ResolvedAt" signature="()" line-rate="0" branch-rate="1" complexity="1">
              <lines>
                <line number="12" hits="0" branch="False" />
              </lines>
            </method>
            <method name="get_TimeoutAt" signature="()" line-rate="0" branch-rate="1" complexity="1">
              <lines>
                <line number="13" hits="0" branch="False" />
              </lines>
            </method>
          </methods>
          <lines>
            <line number="5" hits="0" branch="False" />
            <line number="6" hits="0" branch="False" />
            <line number="7" hits="0" branch="False" />
            <line number="8" hits="0" branch="False" />
            <line number="9" hits="0" branch="False" />
            <line number="10" hits="0" branch="False" />
            <line number="11" hits="0" branch="False" />
            <line number="12" hits="0" branch="False" />
            <line number="13" hits="0" branch="False" />
          </lines>
        </class>
        <class name="RPA.Domain.Entities.AlertRule" filename="RPA.Domain/Entities/AlertRule.cs" line-rate="0" branch-rate="1" complexity="5">
          <methods>
            <method name="get_Name" signature="()" line-rate="0" branch-rate="1" complexity="1">
              <lines>
                <line number="5" hits="0" branch="False" />
              </lines>
            </method>
            <method name="get_Condition" signature="()" line-rate="0" branch-rate="1" complexity="1">
              <lines>
                <line number="6" hits="0" branch="False" />
              </lines>
            </method>
            <method name="get_Channel" signature="()" line-rate="0" branch-rate="1" complexity="1">
              <lines>
                <line number="7" hits="0" branch="False" />
              </lines>
            </method>
            <method name="get_Recipients" signature="()" line-rate="0" branch-rate="1" complexity="1">
              <lines>
                <line number="8" hits="0" branch="False" />
              </lines>
            </method>
            <method name="get_IsActive" signature="()" line-rate="0" branch-rate="1" complexity="1">
              <lines>
                <line number="9" hits="0" branch="False" />
              </lines>
            </method>
          </methods>
          <lines>
            <line number="5" hits="0" branch="False" />
            <line number="6" hits="0" branch="False" />
            <line number="7" hits="0" branch="False" />
            <line number="8" hits="0" branch="False" />
            <line number="9" hits="0" branch="False" />
          </lines>
        </class>
        <class name="RPA.Domain.Entities.Asset" filename="RPA.Domain/Entities/Asset.cs" line-rate="0" branch-rate="1" complexity="5">
          <methods>
            <method name="get_Name" signature="()" line-rate="0" branch-rate="1" complexity="1">
              <lines>
                <line number="5" hits="0" branch="False" />
              </lines>
            </method>
            <method name="get_Type" signature="()" line-rate="0" branch-rate="1" complexity="1">
              <lines>
                <line number="6" hits="0" branch="False" />
              </lines>
            </method>
            <method name="get_Value" signature="()" line-rate="0" branch-rate="1" complexity="1">
              <lines>
                <line number="7" hits="0" branch="False" />
              </lines>
            </method>
            <method name="get_EnvironmentId" signature="()" line-rate="0" branch-rate="1" complexity="1">
              <lines>
                <line number="8" hits="0" branch="False" />
              </lines>
            </method>
            <method name="get_Environment" signature="()" line-rate="0" branch-rate="1" complexity="1">
              <lines>
                <line number="9" hits="0" branch="False" />
              </lines>
            </method>
          </methods>
          <lines>
            <line number="5" hits="0" branch="False" />
            <line number="6" hits="0" branch="False" />
            <line number="7" hits="0" branch="False" />
            <line number="8" hits="0" branch="False" />
            <line number="9" hits="0" branch="False" />
          </lines>
        </class>
        <class name="RPA.Domain.Entities.AuditLog" filename="RPA.Domain/Entities/AuditLog.cs" line-rate="1" branch-rate="1" complexity="7">
          <methods>
            <method name="get_UserId" signature="()" line-rate="1" branch-rate="1" complexity="1">
              <lines>
                <line number="5" hits="8" branch="False" />
              </lines>
            </method>
            <method name="get_User" signature="()" line-rate="1" branch-rate="1" complexity="1">
              <lines>
                <line number="6" hits="6" branch="False" />
              </lines>
            </method>
            <method name="get_Action" signature="()" line-rate="1" branch-rate="1" complexity="1">
              <lines>
                <line number="7" hits="16" branch="False" />
              </lines>
            </method>
            <method name="get_ResourceType" signature="()" line-rate="1" branch-rate="1" complexity="1">
              <lines>
                <line number="8" hits="14" branch="False" />
              </lines>
            </method>
            <method name="get_ResourceId" signature="()" line-rate="1" branch-rate="1" complexity="1">
              <lines>
                <line number="9" hits="7" branch="False" />
              </lines>
            </method>
            <method name="get_OldValue" signature="()" line-rate="1" branch-rate="1" complexity="1">
              <lines>
                <line number="10" hits="10" branch="False" />
              </lines>
            </method>
            <method name="get_NewValue" signature="()" line-rate="1" branch-rate="1" complexity="1">
              <lines>
                <line number="11" hits="12" branch="False" />
              </lines>
            </method>
          </methods>
          <lines>
            <line number="5" hits="8" branch="False" />
            <line number="6" hits="6" branch="False" />
            <line number="7" hits="16" branch="False" />
            <line number="8" hits="14" branch="False" />
            <line number="9" hits="7" branch="False" />
            <line number="10" hits="10" branch="False" />
            <line number="11" hits="12" branch="False" />
          </lines>
        </class>
        <class name="RPA.Domain.Entities.BaseEntity" filename="RPA.Domain/Entities/BaseEntity.cs" line-rate="0.6666" branch-rate="1" complexity="6">
          <methods>
            <method name="get_Id" signature="()" line-rate="1" branch-rate="1" complexity="1">
              <lines>
                <line number="5" hits="157" branch="False" />
              </lines>
            </method>
            <method name="get_CreatedAt" signature="()" line-rate="1" branch-rate="1" complexity="1">
              <lines>
                <line number="6" hits="81" branch="False" />
              </lines>
            </method>
            <method name="get_CreatedBy" signature="()" line-rate="1" branch-rate="1" complexity="1">
              <lines>
                <line number="7" hits="75" branch="False" />
              </lines>
            </method>
            <method name="get_UpdatedAt" signature="()" line-rate="0" branch-rate="1" complexity="1">
              <lines>
                <line number="8" hits="0" branch="False" />
              </lines>
            </method>
            <method name="get_UpdatedBy" signature="()" line-rate="0" branch-rate="1" complexity="1">
              <lines>
                <line number="9" hits="0" branch="False" />
              </lines>
            </method>
            <method name="get_IsDeleted" signature="()" line-rate="1" branch-rate="1" complexity="1">
              <lines>
                <line number="10" hits="4" branch="False" />
              </lines>
            </method>
          </methods>
          <lines>
            <line number="5" hits="157" branch="False" />
            <line number="6" hits="81" branch="False" />
            <line number="7" hits="75" branch="False" />
            <line number="8" hits="0" branch="False" />
            <line number="9" hits="0" branch="False" />
            <line number="10" hits="4" branch="False" />
          </lines>
        </class>
        <class name="RPA.Domain.Entities.Component" filename="RPA.Domain/Entities/Component.cs" line-rate="0" branch-rate="1" complexity="7">
          <methods>
            <method name="get_ProjectId" signature="()" line-rate="0" branch-rate="1" complexity="1">
              <lines>
                <line number="5" hits="0" branch="False" />
              </lines>
            </method>
            <method name="get_Project" signature="()" line-rate="0" branch-rate="1" complexity="1">
              <lines>
                <line number="6" hits="0" branch="False" />
              </lines>
            </method>
            <method name="get_Name" signature="()" line-rate="0" branch-rate="1" complexity="1">
              <lines>
                <line number="7" hits="0" branch="False" />
              </lines>
            </method>
            <method name="get_Description" signature="()" line-rate="0" branch-rate="1" complexity="1">
              <lines>
                <line number="8" hits="0" branch="False" />
              </lines>
            </method>
            <method name="get_Tags" signature="()" line-rate="0" branch-rate="1" complexity="1">
              <lines>
                <line number="9" hits="0" branch="False" />
              </lines>
            </method>
            <method name="get_OwnerAdUsername" signature="()" line-rate="0" branch-rate="1" complexity="1">
              <lines>
                <line number="10" hits="0" branch="False" />
              </lines>
            </method>
            <method name="get_Versions" signature="()" line-rate="0" branch-rate="1" complexity="1">
              <lines>
                <line number="11" hits="0" branch="False" />
              </lines>
            </method>
          </methods>
          <lines>
            <line number="5" hits="0" branch="False" />
            <line number="6" hits="0" branch="False" />
            <line number="7" hits="0" branch="False" />
            <line number="8" hits="0" branch="False" />
            <line number="9" hits="0" branch="False" />
            <line number="10" hits="0" branch="False" />
            <line number="11" hits="0" branch="False" />
          </lines>
        </class>
        <class name="RPA.Domain.Entities.ComponentUsage" filename="RPA.Domain/Entities/ComponentUsage.cs" line-rate="1" branch-rate="1" complexity="4">
          <methods>
            <method name="get_WorkflowVersionId" signature="()" line-rate="1" branch-rate="1" complexity="1">
              <lines>
                <line number="5" hits="6" branch="False" />
              </lines>
            </method>
            <method name="get_WorkflowVersion" signature="()" line-rate="1" branch-rate="1" complexity="1">
              <lines>
                <line number="6" hits="4" branch="False" />
              </lines>
            </method>
            <method name="get_ComponentVersionId" signature="()" line-rate="1" branch-rate="1" complexity="1">
              <lines>
                <line number="7" hits="5" branch="False" />
              </lines>
            </method>
            <method name="get_ComponentVersion" signature="()" line-rate="1" branch-rate="1" complexity="1">
              <lines>
                <line number="8" hits="8" branch="False" />
              </lines>
            </method>
          </methods>
          <lines>
            <line number="5" hits="6" branch="False" />
            <line number="6" hits="4" branch="False" />
            <line number="7" hits="5" branch="False" />
            <line number="8" hits="8" branch="False" />
          </lines>
        </class>
        <class name="RPA.Domain.Entities.ComponentVersion" filename="RPA.Domain/Entities/ComponentVersion.cs" line-rate="1" branch-rate="1" complexity="6">
          <methods>
            <method name="get_ComponentId" signature="()" line-rate="1" branch-rate="1" complexity="1">
              <lines>
                <line number="7" hits="25" branch="False" />
              </lines>
            </method>
            <method name="get_Component" signature="()" line-rate="1" branch-rate="1" complexity="1">
              <lines>
                <line number="8" hits="16" branch="False" />
              </lines>
            </method>
            <method name="get_Version" signature="()" line-rate="1" branch-rate="1" complexity="1">
              <lines>
                <line number="9" hits="42" branch="False" />
              </lines>
            </method>
            <method name="get_JsonDefinition" signature="()" line-rate="1" branch-rate="1" complexity="1">
              <lines>
                <line number="10" hits="43" branch="False" />
              </lines>
            </method>
            <method name="get_InputOutputSchema" signature="()" line-rate="1" branch-rate="1" complexity="1">
              <lines>
                <line number="11" hits="16" branch="False" />
              </lines>
            </method>
            <method name="get_Status" signature="()" line-rate="1" branch-rate="1" complexity="1">
              <lines>
                <line number="12" hits="34" branch="False" />
              </lines>
            </method>
          </methods>
          <lines>
            <line number="7" hits="25" branch="False" />
            <line number="8" hits="16" branch="False" />
            <line number="9" hits="42" branch="False" />
            <line number="10" hits="43" branch="False" />
            <line number="11" hits="16" branch="False" />
            <line number="12" hits="34" branch="False" />
          </lines>
        </class>
        <class name="RPA.Domain.Entities.Credential" filename="RPA.Domain/Entities/Credential.cs" line-rate="0" branch-rate="1" complexity="5">
          <methods>
            <method name="get_Name" signature="()" line-rate="0" branch-rate="1" complexity="1">
              <lines>
                <line number="5" hits="0" branch="False" />
              </lines>
            </method>
            <method name="get_Type" signature="()" line-rate="0" branch-rate="1" complexity="1">
              <lines>
                <line number="6" hits="0" branch="False" />
              </lines>
            </method>
            <method name="get_VaultKeyReference" signature="()" line-rate="0" branch-rate="1" complexity="1">
              <lines>
                <line number="7" hits="0" branch="False" />
              </lines>
            </method>
            <method name="get_EnvironmentId" signature="()" line-rate="0" branch-rate="1" complexity="1">
              <lines>
                <line number="8" hits="0" branch="False" />
              </lines>
            </method>
            <method name="get_Environment" signature="()" line-rate="0" branch-rate="1" complexity="1">
              <lines>
                <line number="9" hits="0" branch="False" />
              </lines>
            </method>
          </methods>
          <lines>
            <line number="5" hits="0" branch="False" />
            <line number="6" hits="0" branch="False" />
            <line number="7" hits="0" branch="False" />
            <line number="8" hits="0" branch="False" />
            <line number="9" hits="0" branch="False" />
          </lines>
        </class>
        <class name="RPA.Domain.Entities.Environment" filename="RPA.Domain/Entities/Environment.cs" line-rate="0" branch-rate="1" complexity="4">
          <methods>
            <method name="get_Name" signature="()" line-rate="0" branch-rate="1" complexity="1">
              <lines>
                <line number="5" hits="0" branch="False" />
              </lines>
            </method>
            <method name="get_Description" signature="()" line-rate="0" branch-rate="1" complexity="1">
              <lines>
                <line number="6" hits="0" branch="False" />
              </lines>
            </method>
            <method name="get_Credentials" signature="()" line-rate="0" branch-rate="1" complexity="1">
              <lines>
                <line number="7" hits="0" branch="False" />
              </lines>
            </method>
            <method name="get_Assets" signature="()" line-rate="0" branch-rate="1" complexity="1">
              <lines>
                <line number="8" hits="0" branch="False" />
              </lines>
            </method>
          </methods>
          <lines>
            <line number="5" hits="0" branch="False" />
            <line number="6" hits="0" branch="False" />
            <line number="7" hits="0" branch="False" />
            <line number="8" hits="0" branch="False" />
          </lines>
        </class>
        <class name="RPA.Domain.Entities.JobRun" filename="RPA.Domain/Entities/JobRun.cs" line-rate="0" branch-rate="1" complexity="10">
          <methods>
            <method name="get_WorkflowVersionId" signature="()" line-rate="0" branch-rate="1" complexity="1">
              <lines>
                <line number="5" hits="0" branch="False" />
              </lines>
            </method>
            <method name="get_WorkflowVersion" signature="()" line-rate="0" branch-rate="1" complexity="1">
              <lines>
                <line number="6" hits="0" branch="False" />
              </lines>
            </method>
            <method name="get_TriggeredBy" signature="()" line-rate="0" branch-rate="1" complexity="1">
              <lines>
                <line number="7" hits="0" branch="False" />
              </lines>
            </method>
            <method name="get_AssignedRobotId" signature="()" line-rate="0" branch-rate="1" complexity="1">
              <lines>
                <line number="8" hits="0" branch="False" />
              </lines>
            </method>
            <method name="get_EnvironmentId" signature="()" line-rate="0" branch-rate="1" complexity="1">
              <lines>
                <line number="9" hits="0" branch="False" />
              </lines>
            </method>
            <method name="get_Status" signature="()" line-rate="0" branch-rate="1" complexity="1">
              <lines>
                <line number="10" hits="0" branch="False" />
              </lines>
            </method>
            <method name="get_StartedAt" signature="()" line-rate="0" branch-rate="1" complexity="1">
              <lines>
                <line number="11" hits="0" branch="False" />
              </lines>
            </method>
            <method name="get_CompletedAt" signature="()" line-rate="0" branch-rate="1" complexity="1">
              <lines>
                <line number="12" hits="0" branch="False" />
              </lines>
            </method>
            <method name="get_ElasticsearchCorrelationId" signature="()" line-rate="0" branch-rate="1" complexity="1">
              <lines>
                <line number="13" hits="0" branch="False" />
              </lines>
            </method>
            <method name="get_ScreenshotArchivePath" signature="()" line-rate="0" branch-rate="1" complexity="1">
              <lines>
                <line number="14" hits="0" branch="False" />
              </lines>
            </method>
          </methods>
          <lines>
            <line number="5" hits="0" branch="False" />
            <line number="6" hits="0" branch="False" />
            <line number="7" hits="0" branch="False" />
            <line number="8" hits="0" branch="False" />
            <line number="9" hits="0" branch="False" />
            <line number="10" hits="0" branch="False" />
            <line number="11" hits="0" branch="False" />
            <line number="12" hits="0" branch="False" />
            <line number="13" hits="0" branch="False" />
            <line number="14" hits="0" branch="False" />
          </lines>
        </class>
        <class name="RPA.Domain.Entities.OtpRequest" filename="RPA.Domain/Entities/OtpRequest.cs" line-rate="0" branch-rate="1" complexity="7">
          <methods>
            <method name="get_JobRunId" signature="()" line-rate="0" branch-rate="1" complexity="1">
              <lines>
                <line number="7" hits="0" branch="False" />
              </lines>
            </method>
            <method name="get_Channel" signature="()" line-rate="0" branch-rate="1" complexity="1">
              <lines>
                <line number="8" hits="0" branch="False" />
              </lines>
            </method>
            <method name="get_PortalReference" signature="()" line-rate="0" branch-rate="1" complexity="1">
              <lines>
                <line number="9" hits="0" branch="False" />
              </lines>
            </method>
            <method name="get_EncryptedCode" signature="()" line-rate="0" branch-rate="1" complexity="1">
              <lines>
                <line number="10" hits="0" branch="False" />
              </lines>
            </method>
            <method name="get_Status" signature="()" line-rate="0" branch-rate="1" complexity="1">
              <lines>
                <line number="11" hits="0" branch="False" />
              </lines>
            </method>
            <method name="get_VerifiedAt" signature="()" line-rate="0" branch-rate="1" complexity="1">
              <lines>
                <line number="12" hits="0" branch="False" />
              </lines>
            </method>
            <method name="get_TimeoutAt" signature="()" line-rate="0" branch-rate="1" complexity="1">
              <lines>
                <line number="13" hits="0" branch="False" />
              </lines>
            </method>
          </methods>
          <lines>
            <line number="7" hits="0" branch="False" />
            <line number="8" hits="0" branch="False" />
            <line number="9" hits="0" branch="False" />
            <line number="10" hits="0" branch="False" />
            <line number="11" hits="0" branch="False" />
            <line number="12" hits="0" branch="False" />
            <line number="13" hits="0" branch="False" />
          </lines>
        </class>
        <class name="RPA.Domain.Entities.Permission" filename="RPA.Domain/Entities/Permission.cs" line-rate="0" branch-rate="1" complexity="6">
          <methods>
            <method name="get_RoleId" signature="()" line-rate="0" branch-rate="1" complexity="1">
              <lines>
                <line number="5" hits="0" branch="False" />
              </lines>
            </method>
            <method name="get_Role" signature="()" line-rate="0" branch-rate="1" complexity="1">
              <lines>
                <line number="6" hits="0" branch="False" />
              </lines>
            </method>
            <method name="get_ProjectId" signature="()" line-rate="0" branch-rate="1" complexity="1">
              <lines>
                <line number="7" hits="0" branch="False" />
              </lines>
            </method>
            <method name="get_Project" signature="()" line-rate="0" branch-rate="1" complexity="1">
              <lines>
                <line number="8" hits="0" branch="False" />
              </lines>
            </method>
            <method name="get_Action" signature="()" line-rate="0" branch-rate="1" complexity="1">
              <lines>
                <line number="9" hits="0" branch="False" />
              </lines>
            </method>
            <method name="get_Resource" signature="()" line-rate="0" branch-rate="1" complexity="1">
              <lines>
                <line number="10" hits="0" branch="False" />
              </lines>
            </method>
          </methods>
          <lines>
            <line number="5" hits="0" branch="False" />
            <line number="6" hits="0" branch="False" />
            <line number="7" hits="0" branch="False" />
            <line number="8" hits="0" branch="False" />
            <line number="9" hits="0" branch="False" />
            <line number="10" hits="0" branch="False" />
          </lines>
        </class>
        <class name="RPA.Domain.Entities.Project" filename="RPA.Domain/Entities/Project.cs" line-rate="0" branch-rate="1" complexity="5">
          <methods>
            <method name="get_Name" signature="()" line-rate="0" branch-rate="1" complexity="1">
              <lines>
                <line number="5" hits="0" branch="False" />
              </lines>
            </method>
            <method name="get_Description" signature="()" line-rate="0" branch-rate="1" complexity="1">
              <lines>
                <line number="6" hits="0" branch="False" />
              </lines>
            </method>
            <method name="get_Workflows" signature="()" line-rate="0" branch-rate="1" complexity="1">
              <lines>
                <line number="7" hits="0" branch="False" />
              </lines>
            </method>
            <method name="get_Components" signature="()" line-rate="0" branch-rate="1" complexity="1">
              <lines>
                <line number="8" hits="0" branch="False" />
              </lines>
            </method>
            <method name="get_Queues" signature="()" line-rate="0" branch-rate="1" complexity="1">
              <lines>
                <line number="9" hits="0" branch="False" />
              </lines>
            </method>
          </methods>
          <lines>
            <line number="5" hits="0" branch="False" />
            <line number="6" hits="0" branch="False" />
            <line number="7" hits="0" branch="False" />
            <line number="8" hits="0" branch="False" />
            <line number="9" hits="0" branch="False" />
          </lines>
        </class>
        <class name="RPA.Domain.Entities.Queue" filename="RPA.Domain/Entities/Queue.cs" line-rate="0.75" branch-rate="1" complexity="8">
          <methods>
            <method name="get_ProjectId" signature="()" line-rate="0" branch-rate="1" complexity="1">
              <lines>
                <line number="5" hits="0" branch="False" />
              </lines>
            </method>
            <method name="get_Project" signature="()" line-rate="1" branch-rate="1" complexity="1">
              <lines>
                <line number="6" hits="1" branch="False" />
              </lines>
            </method>
            <method name="get_Name" signature="()" line-rate="1" branch-rate="1" complexity="1">
              <lines>
                <line number="7" hits="1" branch="False" />
              </lines>
            </method>
            <method name="get_MaxRetries" signature="()" line-rate="1" branch-rate="1" complexity="1">
              <lines>
                <line number="8" hits="3" branch="False" />
              </lines>
            </method>
            <method name="get_RetryBackoffPolicy" signature="()" line-rate="1" branch-rate="1" complexity="1">
              <lines>
                <line number="9" hits="3" branch="False" />
              </lines>
            </method>
            <method name="get_SlaSeconds" signature="()" line-rate="0" branch-rate="1" complexity="1">
              <lines>
                <line number="10" hits="0" branch="False" />
              </lines>
            </method>
            <method name="get_RequireIdempotency" signature="()" line-rate="1" branch-rate="1" complexity="1">
              <lines>
                <line number="11" hits="1" branch="False" />
              </lines>
            </method>
            <method name="get_Items" signature="()" line-rate="1" branch-rate="1" complexity="1">
              <lines>
                <line number="12" hits="1" branch="False" />
              </lines>
            </method>
          </methods>
          <lines>
            <line number="5" hits="0" branch="False" />
            <line number="6" hits="1" branch="False" />
            <line number="7" hits="1" branch="False" />
            <line number="8" hits="3" branch="False" />
            <line number="9" hits="3" branch="False" />
            <line number="10" hits="0" branch="False" />
            <line number="11" hits="1" branch="False" />
            <line number="12" hits="1" branch="False" />
          </lines>
        </class>
        <class name="RPA.Domain.Entities.QueueItem" filename="RPA.Domain/Entities/QueueItem.cs" line-rate="0.41659999999999997" branch-rate="1" complexity="12">
          <methods>
            <method name="get_QueueId" signature="()" line-rate="1" branch-rate="1" complexity="1">
              <lines>
                <line number="7" hits="4" branch="False" />
              </lines>
            </method>
            <method name="get_Queue" signature="()" line-rate="1" branch-rate="1" complexity="1">
              <lines>
                <line number="8" hits="4" branch="False" />
              </lines>
            </method>
            <method name="get_IdempotencyKey" signature="()" line-rate="1" branch-rate="1" complexity="1">
              <lines>
                <line number="9" hits="9" branch="False" />
              </lines>
            </method>
            <method name="get_Payload" signature="()" line-rate="1" branch-rate="1" complexity="1">
              <lines>
                <line number="10" hits="8" branch="False" />
              </lines>
            </method>
            <method name="get_Status" signature="()" line-rate="1" branch-rate="1" complexity="1">
              <lines>
                <line number="11" hits="10" branch="False" />
              </lines>
            </method>
            <method name="get_AttemptCount" signature="()" line-rate="0" branch-rate="1" complexity="1">
              <lines>
                <line number="12" hits="0" branch="False" />
              </lines>
            </method>
            <method name="get_AssignedRobotId" signature="()" line-rate="0" branch-rate="1" complexity="1">
              <lines>
                <line number="13" hits="0" branch="False" />
              </lines>
            </method>
            <method name="get_AssignedRobot" signature="()" line-rate="0" branch-rate="1" complexity="1">
              <lines>
                <line number="14" hits="0" branch="False" />
              </lines>
            </method>
            <method name="get_StartedAt" signature="()" line-rate="0" branch-rate="1" complexity="1">
              <lines>
                <line number="15" hits="0" branch="False" />
              </lines>
            </method>
            <method name="get_CompletedAt" signature="()" line-rate="0" branch-rate="1" complexity="1">
              <lines>
                <line number="16" hits="0" branch="False" />
              </lines>
            </method>
            <method name="get_ErrorDetail" signature="()" line-rate="0" branch-rate="1" complexity="1">
              <lines>
                <line number="17" hits="0" branch="False" />
              </lines>
            </method>
            <method name="get_CheckpointData" signature="()" line-rate="0" branch-rate="1" complexity="1">
              <lines>
                <line number="18" hits="0" branch="False" />
              </lines>
            </method>
          </methods>
          <lines>
            <line number="7" hits="4" branch="False" />
            <line number="8" hits="4" branch="False" />
            <line number="9" hits="9" branch="False" />
            <line number="10" hits="8" branch="False" />
            <line number="11" hits="10" branch="False" />
            <line number="12" hits="0" branch="False" />
            <line number="13" hits="0" branch="False" />
            <line number="14" hits="0" branch="False" />
            <line number="15" hits="0" branch="False" />
            <line number="16" hits="0" branch="False" />
            <line number="17" hits="0" branch="False" />
            <line number="18" hits="0" branch="False" />
          </lines>
        </class>
        <class name="RPA.Domain.Entities.Robot" filename="RPA.Domain/Entities/Robot.cs" line-rate="1" branch-rate="1" complexity="8">
          <methods>
            <method name="get_MachineName" signature="()" line-rate="1" branch-rate="1" complexity="1">
              <lines>
                <line number="7" hits="55" branch="False" />
              </lines>
            </method>
            <method name="get_Mode" signature="()" line-rate="1" branch-rate="1" complexity="1">
              <lines>
                <line number="8" hits="16" branch="False" />
              </lines>
            </method>
            <method name="get_Tags" signature="()" line-rate="1" branch-rate="1" complexity="1">
              <lines>
                <line number="9" hits="33" branch="False" />
              </lines>
            </method>
            <method name="get_Status" signature="()" line-rate="1" branch-rate="1" complexity="1">
              <lines>
                <line number="10" hits="60" branch="False" />
              </lines>
            </method>
            <method name="get_LastHeartbeat" signature="()" line-rate="1" branch-rate="1" complexity="1">
              <lines>
                <line number="11" hits="33" branch="False" />
              </lines>
            </method>
            <method name="get_AgentVersion" signature="()" line-rate="1" branch-rate="1" complexity="1">
              <lines>
                <line number="12" hits="16" branch="False" />
              </lines>
            </method>
            <method name="get_Capacity" signature="()" line-rate="1" branch-rate="1" complexity="1">
              <lines>
                <line number="13" hits="33" branch="False" />
              </lines>
            </method>
            <method name="get_QueueItems" signature="()" line-rate="1" branch-rate="1" complexity="1">
              <lines>
                <line number="14" hits="18" branch="False" />
              </lines>
            </method>
          </methods>
          <lines>
            <line number="7" hits="55" branch="False" />
            <line number="8" hits="16" branch="False" />
            <line number="9" hits="33" branch="False" />
            <line number="10" hits="60" branch="False" />
            <line number="11" hits="33" branch="False" />
            <line number="12" hits="16" branch="False" />
            <line number="13" hits="33" branch="False" />
            <line number="14" hits="18" branch="False" />
          </lines>
        </class>
        <class name="RPA.Domain.Entities.Role" filename="RPA.Domain/Entities/Role.cs" line-rate="0" branch-rate="1" complexity="3">
          <methods>
            <method name="get_Name" signature="()" line-rate="0" branch-rate="1" complexity="1">
              <lines>
                <line number="5" hits="0" branch="False" />
              </lines>
            </method>
            <method name="get_Users" signature="()" line-rate="0" branch-rate="1" complexity="1">
              <lines>
                <line number="6" hits="0" branch="False" />
              </lines>
            </method>
            <method name="get_Permissions" signature="()" line-rate="0" branch-rate="1" complexity="1">
              <lines>
                <line number="7" hits="0" branch="False" />
              </lines>
            </method>
          </methods>
          <lines>
            <line number="5" hits="0" branch="False" />
            <line number="6" hits="0" branch="False" />
            <line number="7" hits="0" branch="False" />
          </lines>
        </class>
        <class name="RPA.Domain.Entities.Schedule" filename="RPA.Domain/Entities/Schedule.cs" line-rate="0" branch-rate="1" complexity="4">
          <methods>
            <method name="get_TriggerId" signature="()" line-rate="0" branch-rate="1" complexity="1">
              <lines>
                <line number="5" hits="0" branch="False" />
              </lines>
            </method>
            <method name="get_CronExpression" signature="()" line-rate="0" branch-rate="1" complexity="1">
              <lines>
                <line number="6" hits="0" branch="False" />
              </lines>
            </method>
            <method name="get_TimeZone" signature="()" line-rate="0" branch-rate="1" complexity="1">
              <lines>
                <line number="7" hits="0" branch="False" />
              </lines>
            </method>
            <method name="get_OverlapPolicy" signature="()" line-rate="0" branch-rate="1" complexity="1">
              <lines>
                <line number="8" hits="0" branch="False" />
              </lines>
            </method>
          </methods>
          <lines>
            <line number="5" hits="0" branch="False" />
            <line number="6" hits="0" branch="False" />
            <line number="7" hits="0" branch="False" />
            <line number="8" hits="0" branch="False" />
          </lines>
        </class>
        <class name="RPA.Domain.Entities.Trigger" filename="RPA.Domain/Entities/Trigger.cs" line-rate="0" branch-rate="1" complexity="7">
          <methods>
            <method name="get_ProjectId" signature="()" line-rate="0" branch-rate="1" complexity="1">
              <lines>
                <line number="7" hits="0" branch="False" />
              </lines>
            </method>
            <method name="get_Project" signature="()" line-rate="0" branch-rate="1" complexity="1">
              <lines>
                <line number="8" hits="0" branch="False" />
              </lines>
            </method>
            <method name="get_WorkflowVersionId" signature="()" line-rate="0" branch-rate="1" complexity="1">
              <lines>
                <line number="9" hits="0" branch="False" />
              </lines>
            </method>
            <method name="get_Type" signature="()" line-rate="0" branch-rate="1" complexity="1">
              <lines>
                <line number="10" hits="0" branch="False" />
              </lines>
            </method>
            <method name="get_Configuration" signature="()" line-rate="0" branch-rate="1" complexity="1">
              <lines>
                <line number="11" hits="0" branch="False" />
              </lines>
            </method>
            <method name="get_EnvironmentId" signature="()" line-rate="0" branch-rate="1" complexity="1">
              <lines>
                <line number="12" hits="0" branch="False" />
              </lines>
            </method>
            <method name="get_IsActive" signature="()" line-rate="0" branch-rate="1" complexity="1">
              <lines>
                <line number="13" hits="0" branch="False" />
              </lines>
            </method>
          </methods>
          <lines>
            <line number="7" hits="0" branch="False" />
            <line number="8" hits="0" branch="False" />
            <line number="9" hits="0" branch="False" />
            <line number="10" hits="0" branch="False" />
            <line number="11" hits="0" branch="False" />
            <line number="12" hits="0" branch="False" />
            <line number="13" hits="0" branch="False" />
          </lines>
        </class>
        <class name="RPA.Domain.Entities.User" filename="RPA.Domain/Entities/User.cs" line-rate="1" branch-rate="1" complexity="5">
          <methods>
            <method name="get_AdUsername" signature="()" line-rate="1" branch-rate="1" complexity="1">
              <lines>
                <line number="5" hits="8" branch="False" />
              </lines>
            </method>
            <method name="get_FullName" signature="()" line-rate="1" branch-rate="1" complexity="1">
              <lines>
                <line number="6" hits="9" branch="False" />
              </lines>
            </method>
            <method name="get_Email" signature="()" line-rate="1" branch-rate="1" complexity="1">
              <lines>
                <line number="7" hits="8" branch="False" />
              </lines>
            </method>
            <method name="get_Roles" signature="()" line-rate="1" branch-rate="1" complexity="1">
              <lines>
                <line number="8" hits="4" branch="False" />
              </lines>
            </method>
            <method name="get_AuditLogs" signature="()" line-rate="1" branch-rate="1" complexity="1">
              <lines>
                <line number="9" hits="4" branch="False" />
              </lines>
            </method>
          </methods>
          <lines>
            <line number="5" hits="8" branch="False" />
            <line number="6" hits="9" branch="False" />
            <line number="7" hits="8" branch="False" />
            <line number="8" hits="4" branch="False" />
            <line number="9" hits="4" branch="False" />
          </lines>
        </class>
        <class name="RPA.Domain.Entities.UserRole" filename="RPA.Domain/Entities/UserRole.cs" line-rate="0" branch-rate="1" complexity="4">
          <methods>
            <method name="get_UserId" signature="()" line-rate="0" branch-rate="1" complexity="1">
              <lines>
                <line number="5" hits="0" branch="False" />
              </lines>
            </method>
[...]
            </line>
            <line number="39" hits="0" branch="False" />
            <line number="40" hits="0" branch="False" />
            <line number="43" hits="4" branch="True" condition-coverage="100% (2/2)">
              <conditions>
                <condition number="124" type="jump" coverage="100%" />
              </conditions>
            </line>
            <line number="44" hits="1" branch="False" />
            <line number="45" hits="1" branch="False" />
            <line number="49" hits="3" branch="False" />
            <line number="50" hits="3" branch="False" />
            <line number="51" hits="3" branch="False" />
            <line number="52" hits="3" branch="False" />
            <line number="53" hits="3" branch="False" />
            <line number="55" hits="0" branch="False" />
            <line number="56" hits="0" branch="False" />
            <line number="57" hits="0" branch="False" />
            <line number="59" hits="0" branch="False" />
            <line number="60" hits="0" branch="False" />
            <line number="61" hits="0" branch="False" />
            <line number="63" hits="3" branch="False" />
          </lines>
        </class>
        <class name="RPA.Infrastructure.Activities.File.FileUnzipActivity" filename="RPA.Infrastructure/Activities/File/FileUnzipActivity.cs" line-rate="1" branch-rate="1" complexity="1">
          <methods>
            <method name="GetMetadata" signature="()" line-rate="1" branch-rate="1" complexity="1">
              <lines>
                <line number="9" hits="2" branch="False" />
                <line number="10" hits="2" branch="False" />
                <line number="11" hits="2" branch="False" />
                <line number="12" hits="2" branch="False" />
                <line number="13" hits="2" branch="False" />
                <line number="14" hits="2" branch="False" />
                <line number="15" hits="2" branch="False" />
                <line number="16" hits="2" branch="False" />
                <line number="17" hits="2" branch="False" />
                <line number="18" hits="2" branch="False" />
                <line number="19" hits="2" branch="False" />
                <line number="20" hits="2" branch="False" />
                <line number="21" hits="2" branch="False" />
                <line number="22" hits="2" branch="False" />
              </lines>
            </method>
          </methods>
          <lines>
            <line number="9" hits="2" branch="False" />
            <line number="10" hits="2" branch="False" />
            <line number="11" hits="2" branch="False" />
            <line number="12" hits="2" branch="False" />
            <line number="13" hits="2" branch="False" />
            <line number="14" hits="2" branch="False" />
            <line number="15" hits="2" branch="False" />
            <line number="16" hits="2" branch="False" />
            <line number="17" hits="2" branch="False" />
            <line number="18" hits="2" branch="False" />
            <line number="19" hits="2" branch="False" />
            <line number="20" hits="2" branch="False" />
            <line number="21" hits="2" branch="False" />
            <line number="22" hits="2" branch="False" />
          </lines>
        </class>
        <class name="RPA.Infrastructure.Activities.File.FileUnzipActivity/&lt;ExecuteAsync&gt;d__1" filename="RPA.Infrastructure/Activities/File/FileUnzipActivity.cs" line-rate="0.75" branch-rate="0.75" complexity="16">
          <methods>
            <method name="MoveNext" signature="()" line-rate="0.75" branch-rate="0.75" complexity="16">
              <lines>
                <line number="25" hits="4" branch="False" />
                <line number="26" hits="4" branch="False" />
                <line number="27" hits="4" branch="False" />
                <line number="29" hits="4" branch="True" condition-coverage="50% (1/2)">
                  <conditions>
                    <condition number="65" type="jump" coverage="50%" />
                  </conditions>
                </line>
                <line number="30" hits="0" branch="False" />
                <line number="32" hits="4" branch="True" condition-coverage="50% (1/2)">
                  <conditions>
                    <condition number="91" type="jump" coverage="50%" />
                  </conditions>
                </line>
                <line number="33" hits="0" branch="False" />
                <line number="35" hits="4" branch="True" condition-coverage="100% (2/2)">
                  <conditions>
                    <condition number="122" type="jump" coverage="100%" />
                  </conditions>
                </line>
                <line number="36" hits="1" branch="False" />
                <line number="39" hits="3" branch="False" />
                <line number="40" hits="3" branch="False" />
                <line number="42" hits="3" branch="True" condition-coverage="100% (2/2)">
                  <conditions>
                    <condition number="206" type="jump" coverage="100%" />
                  </conditions>
                </line>
                <line number="43" hits="1" branch="False" />
                <line number="45" hits="3" branch="False" />
                <line number="47" hits="3" branch="False" />
                <line number="48" hits="3" branch="False" />
                <line number="49" hits="19" branch="True" condition-coverage="100% (2/2)">
                  <conditions>
                    <condition number="490" type="jump" coverage="100%" />
                  </conditions>
                </line>
                <line number="50" hits="5" branch="False" />
                <line number="51" hits="5" branch="True" condition-coverage="100% (2/2)">
                  <conditions>
                    <condition number="315" type="jump" coverage="100%" />
                  </conditions>
                </line>
                <line number="53" hits="5" branch="False" />
                <line number="54" hits="5" branch="False" />
                <line number="56" hits="5" branch="True" condition-coverage="50% (2/4)">
                  <conditions>
                    <condition number="378" type="jump" coverage="50%" />
                    <condition number="401" type="jump" coverage="50%" />
                  </conditions>
                </line>
                <line number="57" hits="0" branch="False" />
                <line number="59" hits="5" branch="False" />
                <line number="60" hits="5" branch="False" />
                <line number="61" hits="5" branch="False" />
                <line number="62" hits="3" branch="False" />
                <line number="64" hits="3" branch="False" />
                <line number="65" hits="3" branch="False" />
                <line number="67" hits="0" branch="False" />
                <line number="68" hits="0" branch="False" />
                <line number="69" hits="0" branch="False" />
                <line number="71" hits="0" branch="False" />
                <line number="72" hits="0" branch="False" />
                <line number="73" hits="0" branch="False" />
                <line number="75" hits="3" branch="False" />
              </lines>
            </method>
          </methods>
          <lines>
            <line number="25" hits="4" branch="False" />
            <line number="26" hits="4" branch="False" />
            <line number="27" hits="4" branch="False" />
            <line number="29" hits="4" branch="True" condition-coverage="50% (1/2)">
              <conditions>
                <condition number="65" type="jump" coverage="50%" />
              </conditions>
            </line>
            <line number="30" hits="0" branch="False" />
            <line number="32" hits="4" branch="True" condition-coverage="50% (1/2)">
              <conditions>
                <condition number="91" type="jump" coverage="50%" />
              </conditions>
            </line>
            <line number="33" hits="0" branch="False" />
            <line number="35" hits="4" branch="True" condition-coverage="100% (2/2)">
              <conditions>
                <condition number="122" type="jump" coverage="100%" />
              </conditions>
            </line>
            <line number="36" hits="1" branch="False" />
            <line number="39" hits="3" branch="False" />
            <line number="40" hits="3" branch="False" />
            <line number="42" hits="3" branch="True" condition-coverage="100% (2/2)">
              <conditions>
                <condition number="206" type="jump" coverage="100%" />
              </conditions>
            </line>
            <line number="43" hits="1" branch="False" />
            <line number="45" hits="3" branch="False" />
            <line number="47" hits="3" branch="False" />
            <line number="48" hits="3" branch="False" />
            <line number="49" hits="19" branch="True" condition-coverage="100% (2/2)">
              <conditions>
                <condition number="490" type="jump" coverage="100%" />
              </conditions>
            </line>
            <line number="50" hits="5" branch="False" />
            <line number="51" hits="5" branch="True" condition-coverage="100% (2/2)">
              <conditions>
                <condition number="315" type="jump" coverage="100%" />
              </conditions>
            </line>
            <line number="53" hits="5" branch="False" />
            <line number="54" hits="5" branch="False" />
            <line number="56" hits="5" branch="True" condition-coverage="50% (2/4)">
              <conditions>
                <condition number="378" type="jump" coverage="50%" />
                <condition number="401" type="jump" coverage="50%" />
              </conditions>
            </line>
            <line number="57" hits="0" branch="False" />
            <line number="59" hits="5" branch="False" />
            <line number="60" hits="5" branch="False" />
            <line number="61" hits="5" branch="False" />
            <line number="62" hits="3" branch="False" />
            <line number="64" hits="3" branch="False" />
            <line number="65" hits="3" branch="False" />
            <line number="67" hits="0" branch="False" />
            <line number="68" hits="0" branch="False" />
            <line number="69" hits="0" branch="False" />
            <line number="71" hits="0" branch="False" />
            <line number="72" hits="0" branch="False" />
            <line number="73" hits="0" branch="False" />
            <line number="75" hits="3" branch="False" />
          </lines>
        </class>
        <class name="RPA.Infrastructure.Activities.File.FileZipActivity" filename="RPA.Infrastructure/Activities/File/FileZipActivity.cs" line-rate="1" branch-rate="1" complexity="1">
          <methods>
            <method name="GetMetadata" signature="()" line-rate="1" branch-rate="1" complexity="1">
              <lines>
                <line number="8" hits="2" branch="False" />
                <line number="9" hits="2" branch="False" />
                <line number="10" hits="2" branch="False" />
                <line number="11" hits="2" branch="False" />
                <line number="12" hits="2" branch="False" />
                <line number="13" hits="2" branch="False" />
                <line number="14" hits="2" branch="False" />
                <line number="15" hits="2" branch="False" />
                <line number="16" hits="2" branch="False" />
                <line number="17" hits="2" branch="False" />
                <line number="18" hits="2" branch="False" />
                <line number="19" hits="2" branch="False" />
                <line number="20" hits="2" branch="False" />
                <line number="21" hits="2" branch="False" />
              </lines>
            </method>
          </methods>
          <lines>
            <line number="8" hits="2" branch="False" />
            <line number="9" hits="2" branch="False" />
            <line number="10" hits="2" branch="False" />
            <line number="11" hits="2" branch="False" />
            <line number="12" hits="2" branch="False" />
            <line number="13" hits="2" branch="False" />
            <line number="14" hits="2" branch="False" />
            <line number="15" hits="2" branch="False" />
            <line number="16" hits="2" branch="False" />
            <line number="17" hits="2" branch="False" />
            <line number="18" hits="2" branch="False" />
            <line number="19" hits="2" branch="False" />
            <line number="20" hits="2" branch="False" />
            <line number="21" hits="2" branch="False" />
          </lines>
        </class>
        <class name="RPA.Infrastructure.Activities.File.FileZipActivity/&lt;ExecuteAsync&gt;d__1" filename="RPA.Infrastructure/Activities/File/FileZipActivity.cs" line-rate="0.7142000000000001" branch-rate="0.6875" complexity="16">
          <methods>
            <method name="MoveNext" signature="()" line-rate="0.7142000000000001" branch-rate="0.6875" complexity="16">
              <lines>
                <line number="24" hits="5" branch="False" />
                <line number="25" hits="5" branch="False" />
                <line number="26" hits="5" branch="False" />
                <line number="28" hits="5" branch="True" condition-coverage="50% (1/2)">
                  <conditions>
                    <condition number="65" type="jump" coverage="50%" />
                  </conditions>
                </line>
                <line number="29" hits="0" branch="False" />
                <line number="31" hits="5" branch="True" condition-coverage="50% (1/2)">
                  <conditions>
                    <condition number="91" type="jump" coverage="50%" />
                  </conditions>
                </line>
                <line number="32" hits="0" branch="False" />
                <line number="34" hits="5" branch="False" />
                <line number="35" hits="5" branch="False" />
                <line number="37" hits="5" branch="True" condition-coverage="100% (4/4)">
                  <conditions>
                    <condition number="144" type="jump" coverage="100%" />
                    <condition number="162" type="jump" coverage="100%" />
                  </conditions>
                </line>
                <line number="38" hits="1" branch="False" />
                <line number="41" hits="4" branch="False" />
                <line number="42" hits="4" branch="False" />
                <line number="44" hits="4" branch="False" />
                <line number="45" hits="4" branch="True" condition-coverage="50% (2/4)">
                  <conditions>
                    <condition number="256" type="jump" coverage="50%" />
                    <condition number="279" type="jump" coverage="50%" />
                  </conditions>
                </line>
                <line number="46" hits="0" branch="False" />
                <line number="48" hits="4" branch="True" condition-coverage="50% (1/2)">
                  <conditions>
                    <condition number="308" type="jump" coverage="50%" />
                  </conditions>
                </line>
                <line number="49" hits="0" branch="False" />
                <line number="51" hits="4" branch="True" condition-coverage="100% (2/2)">
                  <conditions>
                    <condition number="332" type="jump" coverage="100%" />
                  </conditions>
                </line>
                <line number="52" hits="2" branch="False" />
                <line number="53" hits="2" branch="False" />
                <line number="54" hits="2" branch="False" />
                <line number="55" hits="2" branch="False" />
                <line number="57" hits="2" branch="False" />
                <line number="58" hits="2" branch="False" />
                <line number="59" hits="2" branch="False" />
                <line number="61" hits="4" branch="False" />
                <line number="62" hits="4" branch="False" />
                <line number="64" hits="0" branch="False" />
                <line number="65" hits="0" branch="False" />
                <line number="66" hits="0" branch="False" />
                <line number="68" hits="0" branch="False" />
                <line number="69" hits="0" branch="False" />
                <line number="70" hits="0" branch="False" />
                <line number="72" hits="4" branch="False" />
              </lines>
            </method>
          </methods>
          <lines>
            <line number="24" hits="5" branch="False" />
            <line number="25" hits="5" branch="False" />
            <line number="26" hits="5" branch="False" />
            <line number="28" hits="5" branch="True" condition-coverage="50% (1/2)">
              <conditions>
                <condition number="65" type="jump" coverage="50%" />
              </conditions>
            </line>
            <line number="29" hits="0" branch="False" />
            <line number="31" hits="5" branch="True" condition-coverage="50% (1/2)">
              <conditions>
                <condition number="91" type="jump" coverage="50%" />
              </conditions>
            </line>
            <line number="32" hits="0" branch="False" />
            <line number="34" hits="5" branch="False" />
            <line number="35" hits="5" branch="False" />
            <line number="37" hits="5" branch="True" condition-coverage="100% (4/4)">
              <conditions>
                <condition number="144" type="jump" coverage="100%" />
                <condition number="162" type="jump" coverage="100%" />
              </conditions>
            </line>
            <line number="38" hits="1" branch="False" />
            <line number="41" hits="4" branch="False" />
            <line number="42" hits="4" branch="False" />
            <line number="44" hits="4" branch="False" />
            <line number="45" hits="4" branch="True" condition-coverage="50% (2/4)">
              <conditions>
                <condition number="256" type="jump" coverage="50%" />
                <condition number="279" type="jump" coverage="50%" />
              </conditions>
            </line>
            <line number="46" hits="0" branch="False" />
            <line number="48" hits="4" branch="True" condition-coverage="50% (1/2)">
              <conditions>
                <condition number="308" type="jump" coverage="50%" />
              </conditions>
            </line>
            <line number="49" hits="0" branch="False" />
            <line number="51" hits="4" branch="True" condition-coverage="100% (2/2)">
              <conditions>
                <condition number="332" type="jump" coverage="100%" />
              </conditions>
            </line>
            <line number="52" hits="2" branch="False" />
            <line number="53" hits="2" branch="False" />
            <line number="54" hits="2" branch="False" />
            <line number="55" hits="2" branch="False" />
            <line number="57" hits="2" branch="False" />
            <line number="58" hits="2" branch="False" />
            <line number="59" hits="2" branch="False" />
            <line number="61" hits="4" branch="False" />
            <line number="62" hits="4" branch="False" />
            <line number="64" hits="0" branch="False" />
            <line number="65" hits="0" branch="False" />
            <line number="66" hits="0" branch="False" />
            <line number="68" hits="0" branch="False" />
            <line number="69" hits="0" branch="False" />
            <line number="70" hits="0" branch="False" />
            <line number="72" hits="4" branch="False" />
          </lines>
        </class>
      </classes>
    </package>
  </packages>
</coverage>